{
  "stats": {
    "suites": 1,
    "tests": 1,
    "passes": 0,
    "pending": 0,
    "failures": 1,
    "start": "2025-07-11T15:57:12.590Z",
    "end": "2025-07-11T15:57:17.716Z",
    "duration": 5126,
    "testsRegistered": 1,
    "passPercent": 0,
    "pendingPercent": 0,
    "other": 0,
    "hasOther": false,
    "skipped": 0,
    "hasSkipped": false
  },
  "results": [
    {
      "uuid": "4113e2b6-092d-4dad-babc-742babb4e897",
      "title": "",
      "fullFile": "cypress\\e2e\\lesson-20\\lesson-20.test.js",
      "file": "cypress\\e2e\\lesson-20\\lesson-20.test.js",
      "beforeHooks": [],
      "afterHooks": [],
      "tests": [],
      "suites": [
        {
          "uuid": "69f815f9-b19b-4f7c-870f-7c4cbe063e40",
          "title": "Garage",
          "fullFile": "",
          "file": "",
          "beforeHooks": [],
          "afterHooks": [],
          "tests": [
            {
              "title": "Logs in and adds a car",
              "fullTitle": "Garage Logs in and adds a car",
              "timedOut": null,
              "duration": 5086,
              "state": "failed",
              "speed": null,
              "pass": false,
              "fail": true,
              "pending": false,
              "context": null,
              "code": "cy.get('[data-testid=\"email\"]').type(Cypress.env('username'));\ncy.get('[data-testid=\"password\"]').type(Cypress.env('password'));\ncy.get('[data-testid=\"login-button\"]').click();\n// Добавление машины\ncy.get('[data-testid=\"add-car\"]').click();\ncy.get('[data-testid=\"car-name\"]').type('Toyota');\ncy.get('[data-testid=\"submit-car\"]').click();\ncy.contains('Toyota').should('exist');",
              "err": {
                "message": "AssertionError: Timed out retrying after 4000ms: Expected to find element: `[data-testid=\"email\"]`, but never found it.",
                "estack": "AssertionError: Timed out retrying after 4000ms: Expected to find element: `[data-testid=\"email\"]`, but never found it.\n    at Context.eval (webpack:///./cypress/e2e/lesson-20/lesson-20.test.js:17:9)",
                "diff": null
              },
              "uuid": "68687739-19fd-41d0-8be7-99d4e3a0e438",
              "parentUUID": "69f815f9-b19b-4f7c-870f-7c4cbe063e40",
              "isHook": false,
              "skipped": false
            }
          ],
          "suites": [],
          "passes": [],
          "failures": [
            "68687739-19fd-41d0-8be7-99d4e3a0e438"
          ],
          "pending": [],
          "skipped": [],
          "duration": 5086,
          "root": false,
          "rootEmpty": false,
          "_timeout": 2000
        }
      ],
      "passes": [],
      "failures": [],
      "pending": [],
      "skipped": [],
      "duration": 0,
      "root": true,
      "rootEmpty": true,
      "_timeout": 2000
    }
  ],
  "meta": {
    "mocha": {
      "version": "7.2.0"
    },
    "mochawesome": {
      "options": {
        "quiet": false,
        "reportFilename": "mochawesome",
        "saveHtml": true,
        "saveJson": true,
        "consoleReporter": "spec",
        "useInlineDiffs": false,
        "code": true
      },
      "version": "7.1.3"
    },
    "marge": {
      "options": {
        "reportDir": "cypress/reports/mochawesome",
        "overwrite": false,
        "html": true,
        "json": true,
        "charts": true,
        "reportTitle": "qaauto cypress report",
        "embeddedScreenshots": true,
        "inlineAssets": true
      },
      "version": "6.2.0"
    }
  }
}